2025-03-04 13:34:39 [[34mINFO [0;39m] [[36mrestartedMain[0;39m] [35mc.b.t.TourBookingApplication[0;39m - Starting TourBookingApplication using Java 21.0.2 with PID 16640 (C:\Users\DRM\Documents\CURSO PLAYGROUND\Proyecto_integrador\PY_GRUPO4_BACKEND\target\classes started by DRM in C:\Users\DRM\Documents\CURSO PLAYGROUND\Proyecto_integrador\PY_GRUPO4_BACKEND)
2025-03-04 13:34:39 [[34mINFO [0;39m] [[36mrestartedMain[0;39m] [35mc.b.t.TourBookingApplication[0;39m - No active profile set, falling back to 1 default profile: "default"
2025-03-04 13:34:39 [[34mINFO [0;39m] [[36mrestartedMain[0;39m] [35mo.s.b.d.e.DevToolsPropertyDefaultsPostProcessor[0;39m - Devtools property defaults active! Set 'spring.devtools.add-properties' to 'false' to disable
2025-03-04 13:34:39 [[34mINFO [0;39m] [[36mrestartedMain[0;39m] [35mo.s.b.d.e.DevToolsPropertyDefaultsPostProcessor[0;39m - For additional web related logging consider setting the 'logging.level.web' property to 'DEBUG'
2025-03-04 13:34:41 [[34mINFO [0;39m] [[36mrestartedMain[0;39m] [35mo.s.d.r.c.RepositoryConfigurationDelegate[0;39m - Bootstrapping Spring Data JPA repositories in DEFAULT mode.
2025-03-04 13:34:41 [[34mINFO [0;39m] [[36mrestartedMain[0;39m] [35mo.s.d.r.c.RepositoryConfigurationDelegate[0;39m - Finished Spring Data repository scanning in 131 ms. Found 4 JPA repository interfaces.
2025-03-04 13:34:43 [[34mINFO [0;39m] [[36mrestartedMain[0;39m] [35mo.s.b.w.e.t.TomcatWebServer[0;39m - Tomcat initialized with port 8080 (http)
2025-03-04 13:34:43 [[34mINFO [0;39m] [[36mrestartedMain[0;39m] [35mo.a.c.c.StandardService[0;39m - Starting service [Tomcat]
2025-03-04 13:34:43 [[34mINFO [0;39m] [[36mrestartedMain[0;39m] [35mo.a.c.c.StandardEngine[0;39m - Starting Servlet engine: [Apache Tomcat/10.1.34]
2025-03-04 13:34:43 [[34mINFO [0;39m] [[36mrestartedMain[0;39m] [35mo.a.c.c.C.[.[.[/][0;39m - Initializing Spring embedded WebApplicationContext
2025-03-04 13:34:43 [[34mINFO [0;39m] [[36mrestartedMain[0;39m] [35mo.s.b.w.s.c.ServletWebServerApplicationContext[0;39m - Root WebApplicationContext: initialization completed in 3455 ms
2025-03-04 13:34:43 [[34mINFO [0;39m] [[36mrestartedMain[0;39m] [35mo.h.j.i.u.LogHelper[0;39m - HHH000204: Processing PersistenceUnitInfo [name: default]
2025-03-04 13:34:43 [[34mINFO [0;39m] [[36mrestartedMain[0;39m] [35mo.h.Version[0;39m - HHH000412: Hibernate ORM core version 6.5.3.Final
2025-03-04 13:34:43 [[34mINFO [0;39m] [[36mrestartedMain[0;39m] [35mo.h.c.i.RegionFactoryInitiator[0;39m - HHH000026: Second-level cache disabled
2025-03-04 13:34:44 [[34mINFO [0;39m] [[36mrestartedMain[0;39m] [35mo.s.o.j.p.SpringPersistenceUnitInfo[0;39m - No LoadTimeWeaver setup: ignoring JPA class transformer
2025-03-04 13:34:44 [[34mINFO [0;39m] [[36mrestartedMain[0;39m] [35mc.z.h.HikariDataSource[0;39m - HikariPool-1 - Starting...
2025-03-04 13:34:46 [[34mINFO [0;39m] [[36mrestartedMain[0;39m] [35mc.z.h.p.HikariPool[0;39m - HikariPool-1 - Added connection org.postgresql.jdbc.PgConnection@46f99f39
2025-03-04 13:34:46 [[34mINFO [0;39m] [[36mrestartedMain[0;39m] [35mc.z.h.HikariDataSource[0;39m - HikariPool-1 - Start completed.
2025-03-04 13:34:46 [[31mWARN [0;39m] [[36mrestartedMain[0;39m] [35mo.h.o.deprecation[0;39m - HHH90000025: PostgreSQLDialect does not need to be specified explicitly using 'hibernate.dialect' (remove the property setting and it will be selected by default)
2025-03-04 13:34:47 [[34mINFO [0;39m] [[36mrestartedMain[0;39m] [35mo.h.e.t.j.p.i.JtaPlatformInitiator[0;39m - HHH000489: No JTA platform available (set 'hibernate.transaction.jta.platform' to enable JTA platform integration)
2025-03-04 13:34:49 [[34mINFO [0;39m] [[36mrestartedMain[0;39m] [35mo.s.o.j.LocalContainerEntityManagerFactoryBean[0;39m - Initialized JPA EntityManagerFactory for persistence unit 'default'
2025-03-04 13:34:50 [[34mINFO [0;39m] [[36mrestartedMain[0;39m] [35mo.s.s.c.a.a.c.InitializeAuthenticationProviderBeanManagerConfigurer$InitializeAuthenticationProviderManagerConfigurer[0;39m - Global AuthenticationManager configured with AuthenticationProvider bean with name authenticationProvider
2025-03-04 13:34:50 [[31mWARN [0;39m] [[36mrestartedMain[0;39m] [35mo.s.s.c.a.a.c.InitializeUserDetailsBeanManagerConfigurer$InitializeUserDetailsManagerConfigurer[0;39m - Global AuthenticationManager configured with an AuthenticationProvider bean. UserDetailsService beans will not be used for username/password login. Consider removing the AuthenticationProvider bean. Alternatively, consider using the UserDetailsService in a manually instantiated DaoAuthenticationProvider.
2025-03-04 13:34:50 [[31mWARN [0;39m] [[36mrestartedMain[0;39m] [35mo.s.b.a.o.j.JpaBaseConfiguration$JpaWebConfiguration[0;39m - spring.jpa.open-in-view is enabled by default. Therefore, database queries may be performed during view rendering. Explicitly configure spring.jpa.open-in-view to disable this warning
2025-03-04 13:34:51 [[34mINFO [0;39m] [[36mrestartedMain[0;39m] [35mo.s.b.a.h.H2ConsoleAutoConfiguration[0;39m - H2 console available at '/h2-console'. Database available at 'jdbc:postgresql://44.202.64.136:5432/tourbookinggrupo4'
2025-03-04 13:34:51 [[34mINFO [0;39m] [[36mrestartedMain[0;39m] [35mo.s.b.d.a.OptionalLiveReloadServer[0;39m - LiveReload server is running on port 35729
2025-03-04 13:34:51 [[34mINFO [0;39m] [[36mrestartedMain[0;39m] [35mo.s.b.w.e.t.TomcatWebServer[0;39m - Tomcat started on port 8080 (http) with context path '/'
2025-03-04 13:34:51 [[34mINFO [0;39m] [[36mrestartedMain[0;39m] [35mc.b.t.TourBookingApplication[0;39m - Started TourBookingApplication in 12.727 seconds (process running for 13.717)
2025-03-04 13:35:10 [[34mINFO [0;39m] [[36mSpringApplicationShutdownHook[0;39m] [35mo.s.o.j.LocalContainerEntityManagerFactoryBean[0;39m - Closing JPA EntityManagerFactory for persistence unit 'default'
2025-03-04 13:35:10 [[34mINFO [0;39m] [[36mSpringApplicationShutdownHook[0;39m] [35mc.z.h.HikariDataSource[0;39m - HikariPool-1 - Shutdown initiated...
2025-03-04 13:35:11 [[34mINFO [0;39m] [[36mSpringApplicationShutdownHook[0;39m] [35mc.z.h.HikariDataSource[0;39m - HikariPool-1 - Shutdown completed.
2025-03-04 13:56:32 [[34mINFO [0;39m] [[36mrestartedMain[0;39m] [35mc.b.t.TourBookingApplication[0;39m - Starting TourBookingApplication using Java 17.0.13 with PID 19172 (C:\Users\LENOVO\Documents\PY_GRUPO4_BACKEND\target\classes started by LENOVO in C:\Users\LENOVO\Documents\PY_GRUPO4_BACKEND)
2025-03-04 13:56:32 [[34mINFO [0;39m] [[36mrestartedMain[0;39m] [35mc.b.t.TourBookingApplication[0;39m - No active profile set, falling back to 1 default profile: "default"
2025-03-04 13:56:32 [[34mINFO [0;39m] [[36mrestartedMain[0;39m] [35mo.s.b.d.e.DevToolsPropertyDefaultsPostProcessor[0;39m - Devtools property defaults active! Set 'spring.devtools.add-properties' to 'false' to disable
2025-03-04 13:56:32 [[34mINFO [0;39m] [[36mrestartedMain[0;39m] [35mo.s.b.d.e.DevToolsPropertyDefaultsPostProcessor[0;39m - For additional web related logging consider setting the 'logging.level.web' property to 'DEBUG'
2025-03-04 13:56:33 [[34mINFO [0;39m] [[36mrestartedMain[0;39m] [35mo.s.d.r.c.RepositoryConfigurationDelegate[0;39m - Bootstrapping Spring Data JPA repositories in DEFAULT mode.
2025-03-04 13:56:33 [[34mINFO [0;39m] [[36mrestartedMain[0;39m] [35mo.s.d.r.c.RepositoryConfigurationDelegate[0;39m - Finished Spring Data repository scanning in 59 ms. Found 4 JPA repository interfaces.
2025-03-04 13:56:34 [[34mINFO [0;39m] [[36mrestartedMain[0;39m] [35mo.s.b.w.e.t.TomcatWebServer[0;39m - Tomcat initialized with port 8080 (http)
2025-03-04 13:56:34 [[34mINFO [0;39m] [[36mrestartedMain[0;39m] [35mo.a.c.c.StandardService[0;39m - Starting service [Tomcat]
2025-03-04 13:56:34 [[34mINFO [0;39m] [[36mrestartedMain[0;39m] [35mo.a.c.c.StandardEngine[0;39m - Starting Servlet engine: [Apache Tomcat/10.1.34]
2025-03-04 13:56:34 [[34mINFO [0;39m] [[36mrestartedMain[0;39m] [35mo.a.c.c.C.[.[.[/][0;39m - Initializing Spring embedded WebApplicationContext
2025-03-04 13:56:34 [[34mINFO [0;39m] [[36mrestartedMain[0;39m] [35mo.s.b.w.s.c.ServletWebServerApplicationContext[0;39m - Root WebApplicationContext: initialization completed in 1613 ms
2025-03-04 13:56:34 [[1;31mERROR[0;39m] [[36mrestartedMain[0;39m] [35mo.s.b.w.e.t.TomcatStarter[0;39m - Error starting Tomcat context. Exception: org.springframework.beans.factory.UnsatisfiedDependencyException. Message: Error creating bean with name 'jwtAuthenticationFilter' defined in file [C:\Users\LENOVO\Documents\PY_GRUPO4_BACKEND\target\classes\com\backend\tourBooking\auth\jwt\JwtAuthenticationFilter.class]: Unsatisfied dependency expressed through constructor parameter 0: Error creating bean with name 'jwtService': Injection of autowired dependencies failed
2025-03-04 13:56:34 [[34mINFO [0;39m] [[36mrestartedMain[0;39m] [35mo.a.c.c.StandardService[0;39m - Stopping service [Tomcat]
2025-03-04 13:56:34 [[31mWARN [0;39m] [[36mrestartedMain[0;39m] [35mo.s.b.w.s.c.AnnotationConfigServletWebServerApplicationContext[0;39m - Exception encountered during context initialization - cancelling refresh attempt: org.springframework.context.ApplicationContextException: Unable to start web server
2025-03-04 13:56:34 [[34mINFO [0;39m] [[36mrestartedMain[0;39m] [35mo.s.b.a.l.ConditionEvaluationReportLogger[0;39m - 

Error starting ApplicationContext. To display the condition evaluation report re-run your application with 'debug' enabled.
2025-03-04 13:56:34 [[1;31mERROR[0;39m] [[36mrestartedMain[0;39m] [35mo.s.b.SpringApplication[0;39m - Application run failed
org.springframework.context.ApplicationContextException: Unable to start web server
	at org.springframework.boot.web.servlet.context.ServletWebServerApplicationContext.onRefresh(ServletWebServerApplicationContext.java:165)
	at org.springframework.context.support.AbstractApplicationContext.refresh(AbstractApplicationContext.java:619)
	at org.springframework.boot.web.servlet.context.ServletWebServerApplicationContext.refresh(ServletWebServerApplicationContext.java:146)
	at org.springframework.boot.SpringApplication.refresh(SpringApplication.java:754)
	at org.springframework.boot.SpringApplication.refreshContext(SpringApplication.java:456)
	at org.springframework.boot.SpringApplication.run(SpringApplication.java:335)
	at org.springframework.boot.SpringApplication.run(SpringApplication.java:1363)
	at org.springframework.boot.SpringApplication.run(SpringApplication.java:1352)
	at com.backend.tourBooking.TourBookingApplication.main(TourBookingApplication.java:10)
	at java.base/jdk.internal.reflect.NativeMethodAccessorImpl.invoke0(Native Method)
	at java.base/jdk.internal.reflect.NativeMethodAccessorImpl.invoke(NativeMethodAccessorImpl.java:77)
	at java.base/jdk.internal.reflect.DelegatingMethodAccessorImpl.invoke(DelegatingMethodAccessorImpl.java:43)
	at java.base/java.lang.reflect.Method.invoke(Method.java:569)
	at org.springframework.boot.devtools.restart.RestartLauncher.run(RestartLauncher.java:50)
Caused by: org.springframework.boot.web.server.WebServerException: Unable to start embedded Tomcat
	at org.springframework.boot.web.embedded.tomcat.TomcatWebServer.initialize(TomcatWebServer.java:147)
	at org.springframework.boot.web.embedded.tomcat.TomcatWebServer.<init>(TomcatWebServer.java:107)
	at org.springframework.boot.web.embedded.tomcat.TomcatServletWebServerFactory.getTomcatWebServer(TomcatServletWebServerFactory.java:516)
	at org.springframework.boot.web.embedded.tomcat.TomcatServletWebServerFactory.getWebServer(TomcatServletWebServerFactory.java:222)
	at org.springframework.boot.web.servlet.context.ServletWebServerApplicationContext.createWebServer(ServletWebServerApplicationContext.java:188)
	at org.springframework.boot.web.servlet.context.ServletWebServerApplicationContext.onRefresh(ServletWebServerApplicationContext.java:162)
	... 13 common frames omitted
Caused by: org.springframework.beans.factory.UnsatisfiedDependencyException: Error creating bean with name 'jwtAuthenticationFilter' defined in file [C:\Users\LENOVO\Documents\PY_GRUPO4_BACKEND\target\classes\com\backend\tourBooking\auth\jwt\JwtAuthenticationFilter.class]: Unsatisfied dependency expressed through constructor parameter 0: Error creating bean with name 'jwtService': Injection of autowired dependencies failed
	at org.springframework.beans.factory.support.ConstructorResolver.createArgumentArray(ConstructorResolver.java:795)
	at org.springframework.beans.factory.support.ConstructorResolver.autowireConstructor(ConstructorResolver.java:237)
	at org.springframework.beans.factory.support.AbstractAutowireCapableBeanFactory.autowireConstructor(AbstractAutowireCapableBeanFactory.java:1375)
	at org.springframework.beans.factory.support.AbstractAutowireCapableBeanFactory.createBeanInstance(AbstractAutowireCapableBeanFactory.java:1212)
	at org.springframework.beans.factory.support.AbstractAutowireCapableBeanFactory.doCreateBean(AbstractAutowireCapableBeanFactory.java:562)
	at org.springframework.beans.factory.support.AbstractAutowireCapableBeanFactory.createBean(AbstractAutowireCapableBeanFactory.java:522)
	at org.springframework.beans.factory.support.AbstractBeanFactory.lambda$doGetBean$0(AbstractBeanFactory.java:337)
	at org.springframework.beans.factory.support.DefaultSingletonBeanRegistry.getSingleton(DefaultSingletonBeanRegistry.java:234)
	at org.springframework.beans.factory.support.AbstractBeanFactory.doGetBean(AbstractBeanFactory.java:335)
	at org.springframework.beans.factory.support.AbstractBeanFactory.getBean(AbstractBeanFactory.java:205)
	at org.springframework.boot.web.servlet.ServletContextInitializerBeans.getOrderedBeansOfType(ServletContextInitializerBeans.java:211)
	at org.springframework.boot.web.servlet.ServletContextInitializerBeans.addAsRegistrationBean(ServletContextInitializerBeans.java:174)
	at org.springframework.boot.web.servlet.ServletContextInitializerBeans.addAsRegistrationBean(ServletContextInitializerBeans.java:169)
	at org.springframework.boot.web.servlet.ServletContextInitializerBeans.addAdaptableBeans(ServletContextInitializerBeans.java:154)
	at org.springframework.boot.web.servlet.ServletContextInitializerBeans.<init>(ServletContextInitializerBeans.java:87)
	at org.springframework.boot.web.servlet.context.ServletWebServerApplicationContext.getServletContextInitializerBeans(ServletWebServerApplicationContext.java:266)
	at org.springframework.boot.web.servlet.context.ServletWebServerApplicationContext.selfInitialize(ServletWebServerApplicationContext.java:240)
	at org.springframework.boot.web.embedded.tomcat.TomcatStarter.onStartup(TomcatStarter.java:52)
	at org.apache.catalina.core.StandardContext.startInternal(StandardContext.java:4426)
	at org.apache.catalina.util.LifecycleBase.start(LifecycleBase.java:164)
	at org.apache.catalina.core.ContainerBase$StartChild.call(ContainerBase.java:1203)
	at org.apache.catalina.core.ContainerBase$StartChild.call(ContainerBase.java:1193)
	at java.base/java.util.concurrent.FutureTask.run(FutureTask.java:264)
	at org.apache.tomcat.util.threads.InlineExecutorService.execute(InlineExecutorService.java:75)
	at java.base/java.util.concurrent.AbstractExecutorService.submit(AbstractExecutorService.java:145)
	at org.apache.catalina.core.ContainerBase.startInternal(ContainerBase.java:749)
	at org.apache.catalina.core.StandardHost.startInternal(StandardHost.java:772)
	at org.apache.catalina.util.LifecycleBase.start(LifecycleBase.java:164)
	at org.apache.catalina.core.ContainerBase$StartChild.call(ContainerBase.java:1203)
	at org.apache.catalina.core.ContainerBase$StartChild.call(ContainerBase.java:1193)
	at java.base/java.util.concurrent.FutureTask.run(FutureTask.java:264)
	at org.apache.tomcat.util.threads.InlineExecutorService.execute(InlineExecutorService.java:75)
	at java.base/java.util.concurrent.AbstractExecutorService.submit(AbstractExecutorService.java:145)
	at org.apache.catalina.core.ContainerBase.startInternal(ContainerBase.java:749)
	at org.apache.catalina.core.StandardEngine.startInternal(StandardEngine.java:203)
	at org.apache.catalina.util.LifecycleBase.start(LifecycleBase.java:164)
	at org.apache.catalina.core.StandardService.startInternal(StandardService.java:415)
	at org.apache.catalina.util.LifecycleBase.start(LifecycleBase.java:164)
	at org.apache.catalina.core.StandardServer.startInternal(StandardServer.java:870)
	at org.apache.catalina.util.LifecycleBase.start(LifecycleBase.java:164)
	at org.apache.catalina.startup.Tomcat.start(Tomcat.java:437)
	at org.springframework.boot.web.embedded.tomcat.TomcatWebServer.initialize(TomcatWebServer.java:128)
	... 18 common frames omitted
Caused by: org.springframework.beans.factory.BeanCreationException: Error creating bean with name 'jwtService': Injection of autowired dependencies failed
	at org.springframework.beans.factory.annotation.AutowiredAnnotationBeanPostProcessor.postProcessProperties(AutowiredAnnotationBeanPostProcessor.java:515)
	at org.springframework.beans.factory.support.AbstractAutowireCapableBeanFactory.populateBean(AbstractAutowireCapableBeanFactory.java:1439)
	at org.springframework.beans.factory.support.AbstractAutowireCapableBeanFactory.doCreateBean(AbstractAutowireCapableBeanFactory.java:599)
	at org.springframework.beans.factory.support.AbstractAutowireCapableBeanFactory.createBean(AbstractAutowireCapableBeanFactory.java:522)
	at org.springframework.beans.factory.support.AbstractBeanFactory.lambda$doGetBean$0(AbstractBeanFactory.java:337)
	at org.springframework.beans.factory.support.DefaultSingletonBeanRegistry.getSingleton(DefaultSingletonBeanRegistry.java:234)
	at org.springframework.beans.factory.support.AbstractBeanFactory.doGetBean(AbstractBeanFactory.java:335)
	at org.springframework.beans.factory.support.AbstractBeanFactory.getBean(AbstractBeanFactory.java:200)
	at org.springframework.beans.factory.config.DependencyDescriptor.resolveCandidate(DependencyDescriptor.java:254)
	at org.springframework.beans.factory.support.DefaultListableBeanFactory.doResolveDependency(DefaultListableBeanFactory.java:1448)
	at org.springframework.beans.factory.support.DefaultListableBeanFactory.resolveDependency(DefaultListableBeanFactory.java:1358)
	at org.springframework.beans.factory.support.ConstructorResolver.resolveAutowiredArgument(ConstructorResolver.java:904)
	at org.springframework.beans.factory.support.ConstructorResolver.createArgumentArray(ConstructorResolver.java:782)
	... 59 common frames omitted
Caused by: java.lang.IllegalArgumentException: Could not resolve placeholder 'JWT_SECRET' in value "${JWT_SECRET}"
	at org.springframework.util.PropertyPlaceholderHelper.parseStringValue(PropertyPlaceholderHelper.java:180)
	at org.springframework.util.PropertyPlaceholderHelper.replacePlaceholders(PropertyPlaceholderHelper.java:126)
	at org.springframework.core.env.AbstractPropertyResolver.doResolvePlaceholders(AbstractPropertyResolver.java:239)
	at org.springframework.core.env.AbstractPropertyResolver.resolveRequiredPlaceholders(AbstractPropertyResolver.java:210)
	at org.springframework.core.env.AbstractPropertyResolver.resolveNestedPlaceholders(AbstractPropertyResolver.java:230)
	at org.springframework.boot.context.properties.source.ConfigurationPropertySourcesPropertyResolver.getProperty(ConfigurationPropertySourcesPropertyResolver.java:81)
	at org.springframework.boot.context.properties.source.ConfigurationPropertySourcesPropertyResolver.getProperty(ConfigurationPropertySourcesPropertyResolver.java:62)
	at org.springframework.core.env.AbstractEnvironment.getProperty(AbstractEnvironment.java:552)
	at org.springframework.context.support.PropertySourcesPlaceholderConfigurer$1.getProperty(PropertySourcesPlaceholderConfigurer.java:153)
	at org.springframework.context.support.PropertySourcesPlaceholderConfigurer$1.getProperty(PropertySourcesPlaceholderConfigurer.java:149)
	at org.springframework.core.env.PropertySourcesPropertyResolver.getProperty(PropertySourcesPropertyResolver.java:85)
	at org.springframework.core.env.PropertySourcesPropertyResolver.getPropertyAsRawString(PropertySourcesPropertyResolver.java:74)
	at org.springframework.util.PropertyPlaceholderHelper.parseStringValue(PropertyPlaceholderHelper.java:153)
	at org.springframework.util.PropertyPlaceholderHelper.replacePlaceholders(PropertyPlaceholderHelper.java:126)
	at org.springframework.core.env.AbstractPropertyResolver.doResolvePlaceholders(AbstractPropertyResolver.java:239)
	at org.springframework.core.env.AbstractPropertyResolver.resolveRequiredPlaceholders(AbstractPropertyResolver.java:210)
	at org.springframework.context.support.PropertySourcesPlaceholderConfigurer.lambda$processProperties$0(PropertySourcesPlaceholderConfigurer.java:200)
	at org.springframework.beans.factory.support.AbstractBeanFactory.resolveEmbeddedValue(AbstractBeanFactory.java:964)
	at org.springframework.beans.factory.support.DefaultListableBeanFactory.doResolveDependency(DefaultListableBeanFactory.java:1379)
	at org.springframework.beans.factory.support.DefaultListableBeanFactory.resolveDependency(DefaultListableBeanFactory.java:1358)
	at org.springframework.beans.factory.annotation.AutowiredAnnotationBeanPostProcessor$AutowiredFieldElement.resolveFieldValue(AutowiredAnnotationBeanPostProcessor.java:785)
	at org.springframework.beans.factory.annotation.AutowiredAnnotationBeanPostProcessor$AutowiredFieldElement.inject(AutowiredAnnotationBeanPostProcessor.java:768)
	at org.springframework.beans.factory.annotation.InjectionMetadata.inject(InjectionMetadata.java:145)
	at org.springframework.beans.factory.annotation.AutowiredAnnotationBeanPostProcessor.postProcessProperties(AutowiredAnnotationBeanPostProcessor.java:509)
	... 71 common frames omitted
